<?xml version="1.0" encoding="UTF-8"?>
<!-- Generated by org.testng.reporters.JUnitXMLReporter -->
<testsuite hostname="DESKTOP-2A6JV2R" name="FF Test" tests="4" failures="1" timestamp="21 Jul 2016 20:21:12 GMT" time="39.59" errors="0">
  <testcase name="myAccount_TransferMoneyTest" time="0.001" classname="TestMyAccount.MyAccount_TransferMoney"/>
  <testcase name="myAccount_CheckBalanceTest" time="0.368" classname="TestMyAccount.MyAccount_CheckBalance"/>
  <testcase name="failTestTesting" time="0.046" classname="TestMyAccount.FailTEST">
    <failure type="java.lang.AssertionError" message="expected [true] but found [false]">
      <![CDATA[java.lang.AssertionError: expected [true] but found [false]
	at TestMyAccount.FailTEST.failTestTesting(FailTEST.java:22)
... Removed 27 stack frames]]>
    </failure>
  </testcase> <!-- failTestTesting -->
  <testcase name="skippingTEST" time="0.03" classname="TestMyAccount.SkipATest">
    <skipped/>
  </testcase> <!-- skippingTEST -->
</testsuite> <!-- FF Test -->
