<?xml version="1.0" encoding="UTF-8"?>
<!-- Generated by org.testng.reporters.JUnitXMLReporter -->
<testsuite hostname="DESKTOP-2A6JV2R" name="Test" tests="2" failures="0" timestamp="21 Jul 2016 18:53:02 GMT" time="0.054" errors="0">
  <testcase name="@BeforeMethod setUp" time="0.0" classname="TestMyAccount.MyAccount_TransferMoney">
    <failure type="org.testng.TestNGException" message="
Parameter &amp;apos;Browser&amp;apos; is required by @Configuration on method setUp but has not been marked @Optional or defined
in C:\Users\Hasan\workspace\ModularDrivenFramework\testng.xml">
      <![CDATA[org.testng.TestNGException: 
Parameter 'Browser' is required by @Configuration on method setUp but has not been marked @Optional or defined
in C:\Users\Hasan\workspace\ModularDrivenFramework\testng.xml
... Removed 24 stack frames]]>
    </failure>
  </testcase> <!-- @BeforeMethod setUp -->
  <testcase name="@AfterMethod browserClose" time="0.0" classname="TestMyAccount.MyAccount_TransferMoney">
    <skipped/>
  </testcase> <!-- @AfterMethod browserClose -->
  <testcase name="@BeforeMethod setUp" time="0.0" classname="TestMyAccount.MyAccount_CheckBalance">
    <skipped/>
  </testcase> <!-- @BeforeMethod setUp -->
  <testcase name="@AfterMethod browserClose" time="0.0" classname="TestMyAccount.MyAccount_CheckBalance">
    <skipped/>
  </testcase> <!-- @AfterMethod browserClose -->
  <testcase name="myAccount_TransferMoneyTest" time="0.003" classname="TestMyAccount.MyAccount_TransferMoney">
    <skipped/>
  </testcase> <!-- myAccount_TransferMoneyTest -->
  <testcase name="myAccount_CheckBalanceTest" time="0.003" classname="TestMyAccount.MyAccount_CheckBalance">
    <skipped/>
  </testcase> <!-- myAccount_CheckBalanceTest -->
</testsuite> <!-- Test -->
