<?xml version="1.0" encoding="UTF-8"?>
<!-- Generated by org.testng.reporters.JUnitXMLReporter -->
<testsuite hostname="IR-C02PW2DWG8WP" name="CH Test" tests="1" failures="0" timestamp="16 May 2017 11:17:26 GMT" time="0.018" errors="0">
  <testcase name="@BeforeClass setUp" time="0.0" classname="TestLogin.Login_UsingValidUserInfo">
    <failure type="org.testng.TestNGException" message="
Parameter &amp;apos;Browser&amp;apos; is required by @Configuration on method setUp but has not been marked @Optional or defined
in C:\Users\hassan.bhuiyan\Desktop\amazingHasan\ModularDriverFramework\testng2.xml">
      <![CDATA[org.testng.TestNGException: 
Parameter 'Browser' is required by @Configuration on method setUp but has not been marked @Optional or defined
in C:\Users\hassan.bhuiyan\Desktop\amazingHasan\ModularDriverFramework\testng2.xml
... Removed 22 stack frames]]>
    </failure>
  </testcase> <!-- @BeforeClass setUp -->
  <testcase name="@BeforeMethod beforeEachMethod" time="0.0" classname="TestLogin.Login_UsingValidUserInfo">
    <skipped/>
  </testcase> <!-- @BeforeMethod beforeEachMethod -->
  <testcase name="@AfterMethod afterEachMethod" time="0.0" classname="TestLogin.Login_UsingValidUserInfo">
    <skipped/>
  </testcase> <!-- @AfterMethod afterEachMethod -->
  <testcase name="@AfterClass closeConn" time="0.0" classname="TestLogin.Login_UsingValidUserInfo">
    <skipped/>
  </testcase> <!-- @AfterClass closeConn -->
  <testcase name="logIn_validUserInfoTest" time="0.0" classname="TestLogin.Login_UsingValidUserInfo">
    <skipped/>
  </testcase> <!-- logIn_validUserInfoTest -->
</testsuite> <!-- CH Test -->
